<?xml version="1.0" encoding="UTF-8"?>
<!-- Generated by org.testng.reporters.JUnitReportReporter -->
<testsuite hostname="Ganesh" name="TestIntegration.NewTest" tests="1" failures="0" timestamp="4 Jun 2019 10:25:20 GMT" time="55.698" errors="0">
  <testcase name="testGoogleTitle" time="55.698" classname="TestIntegration.NewTest"/>
</testsuite> <!-- TestIntegration.NewTest -->
